
> @website/halle_software@0.0.1 prepublishOnly D:\Developer\Application\HalleSoftware\Website
> astro build

00:09:24 [build] output: "static"
00:09:24 [build] directory: D:\Developer\Application\HalleSoftware\Website\Target\
00:09:24 [build] Collecting build info...
00:09:24 [build] ✓ Completed in 353ms.
00:09:24 [build] Building static entrypoints...
00:09:27 [vite] [32m✓ built in 3.19s[39m
00:09:27 [build] ✓ Completed in 3.25s.

 building client (vite) 
00:09:27 [vite] transforming...
00:09:27 [vite] [32m✓[39m 25 modules transformed.
00:09:27 [vite] rendering chunks...
[plugin astro:prefetch] Sourcemap is likely to be incorrect: a plugin (astro:prefetch) was used to transform files, but didn't generate a sourcemap for the transformation. Consult the plugin documentation for help
[plugin astro:transitions] Sourcemap is likely to be incorrect: a plugin (astro:transitions) was used to transform files, but didn't generate a sourcemap for the transformation. Consult the plugin documentation for help
00:09:27 [vite] computing gzip size...
00:09:27 [vite] [2mTarget/[22m[36m_astro/Base.astro_astro_type_script_index_0_lang.CLLBElSV.js             [39m[1m[2m 1.26 kB[22m[1m[22m[2m │ gzip: 0.78 kB[22m[2m │ map:   0.89 kB[22m
00:09:27 [vite] [2mTarget/[22m[36m_astro/page.CY1iZwUD.js                                                  [39m[1m[2m 2.11 kB[22m[1m[22m[2m │ gzip: 1.07 kB[22m[2m │ map:   8.11 kB[22m
00:09:27 [vite] [2mTarget/[22m[36m_astro/ViewTransitions.astro_astro_type_script_index_0_lang.DnFK6dK7.js  [39m[1m[2m13.11 kB[22m[1m[22m[2m │ gzip: 4.62 kB[22m[2m │ map:  35.23 kB[22m
00:09:27 [vite] [2mTarget/[22m[36m_astro/index.esm.CDbocLk8.js                                             [39m[1m[2m39.52 kB[22m[1m[22m[2m │ gzip: 9.33 kB[22m[2m │ map: 197.07 kB[22m
00:09:27 [vite] [32m✓ built in 401ms[39m

 generating static routes 
00:09:27 ▶ Source/pages/index.astro
00:09:27   └─ /index.html (+70ms)
00:09:27 ✓ Completed in 90ms.

00:09:27 [WARN] [@astrojs/sitemap] The Sitemap integration requires the `site` astro.config option. Skipping.
Successfully inlined a total of 1 HTML file.
Successfully formatted a total of 4 JavaScript and TypeScript files.

 Compress 
✓ Successfully compressed a total of 1 CSS file for 65 Bytes.
✓ Successfully compressed a total of 1 HTML file for 149 Bytes.
✓ Successfully compressed a total of 3 JavaScript files for 24.54 KB.
00:09:30 [build] 1 page(s) built in 6.47s
00:09:30 [build] Complete!
